#
# There is insufficient memory for the Java Runtime Environment to continue.
# Native memory allocation (malloc) failed to allocate 471520 bytes for Chunk::new
# Possible reasons:
#   The system is out of physical RAM or swap space
#   The process is running with CompressedOops enabled, and the Java Heap may be blocking the growth of the native heap
# Possible solutions:
#   Reduce memory load on the system
#   Increase physical memory or swap space
#   Check if swap backing store is full
#   Decrease Java heap size (-Xmx/-Xms)
#   Decrease number of Java threads
#   Decrease Java thread stack sizes (-Xss)
#   Set larger code cache with -XX:ReservedCodeCacheSize=
#   JVM is running with Unscaled Compressed Oops mode in which the Java heap is
#     placed in the first 4GB address space. The Java Heap base address is the
#     maximum limit for the native heap growth. Please use -XX:HeapBaseMinAddress
#     to set the Java Heap base and to place the Java Heap above 4GB virtual address.
# This output file may be truncated or incomplete.
#
#  Out of Memory Error (arena.cpp:168), pid=13648, tid=14472
#
# JRE version: Java(TM) SE Runtime Environment (21.0.9+7) (build 21.0.9+7-LTS-338)
# Java VM: Java HotSpot(TM) 64-Bit Server VM (21.0.9+7-LTS-338, mixed mode, sharing, tiered, compressed oops, compressed class ptrs, g1 gc, windows-amd64)
# No core dump will be written. Minidumps are not enabled by default on client versions of Windows
#

---------------  S U M M A R Y ------------

Command Line: --enable-native-access=ALL-UNNAMED -Dclassworlds.conf=C:\Users\tguha\.m2\wrapper\dists\apache-maven-3.9.12\59fe215c0ad6947fea90184bf7add084544567b927287592651fda3782e0e798\bin\m2.conf -Dmaven.home=C:\Users\tguha\.m2\wrapper\dists\apache-maven-3.9.12\59fe215c0ad6947fea90184bf7add084544567b927287592651fda3782e0e798 -Dlibrary.jansi.path=C:\Users\tguha\.m2\wrapper\dists\apache-maven-3.9.12\59fe215c0ad6947fea90184bf7add084544567b927287592651fda3782e0e798\lib\jansi-native -Dmaven.multiModuleProjectDirectory=E:\Fullstack\Parking-main\backend org.codehaus.plexus.classworlds.launcher.Launcher spring-boot:run

Host: 12th Gen Intel(R) Core(TM) i5-12450H, 12 cores, 7G,  Windows 11 , 64 bit Build 26100 (10.0.26100.7309)
Time: Mon Mar  2 22:18:29 2026 India Standard Time elapsed time: 10.583167 seconds (0d 0h 0m 10s)

---------------  T H R E A D  ---------------

Current thread (0x0000023ff611ac60):  JavaThread "C2 CompilerThread0" daemon [_thread_in_native, id=14472, stack(0x0000008b90300000,0x0000008b90400000) (1024K)]


Current CompileTask:
C2:  10583 4758 %     4       sun.nio.fs.WindowsPathParser::normalize @ 18 (233 bytes)

Stack: [0x0000008b90300000,0x0000008b90400000]
Native frames: (J=compiled Java code, j=interpreted, Vv=VM code, C=native code)
V  [jvm.dll+0x6cbf89]
V  [jvm.dll+0x858421]
V  [jvm.dll+0x85a94e]
V  [jvm.dll+0x85b023]
V  [jvm.dll+0x27ebc6]
V  [jvm.dll+0xc4f4d]
V  [jvm.dll+0xc5483]
V  [jvm.dll+0x3b69fc]
V  [jvm.dll+0x382925]
V  [jvm.dll+0x381d9a]
V  [jvm.dll+0x247640]
V  [jvm.dll+0x246c1f]
V  [jvm.dll+0x1c7a3e]
V  [jvm.dll+0x256329]
V  [jvm.dll+0x2548ba]
V  [jvm.dll+0x3efdee]
V  [jvm.dll+0x80265b]
V  [jvm.dll+0x6ca66d]
C  [ucrtbase.dll+0x37b0]
C  [KERNEL32.DLL+0x2e8d7]
C  [ntdll.dll+0x8c53c]


---------------  P R O C E S S  ---------------

Threads class SMR info:
_java_thread_list=0x0000023ffb15b750, length=13, elements={
0x0000023fd7468dc0, 0x0000023ff610aff0, 0x0000023ff610e780, 0x0000023ff6111ff0,
0x0000023ff61133a0, 0x0000023ff6114de0, 0x0000023ff6115470, 0x0000023ff611ac60,
0x0000023ff6127a60, 0x0000023ff6113a30, 0x0000023ff6112d10, 0x0000023ff61140c0,
0x0000023ffb34e3b0
}

Java Threads: ( => current thread )
  0x0000023fd7468dc0 JavaThread "main"                              [_thread_in_vm, id=26244, stack(0x0000008b8f500000,0x0000008b8f600000) (1024K)]
  0x0000023ff610aff0 JavaThread "Reference Handler"          daemon [_thread_blocked, id=25936, stack(0x0000008b8fd00000,0x0000008b8fe00000) (1024K)]
  0x0000023ff610e780 JavaThread "Finalizer"                  daemon [_thread_blocked, id=25044, stack(0x0000008b8fe00000,0x0000008b8ff00000) (1024K)]
  0x0000023ff6111ff0 JavaThread "Signal Dispatcher"          daemon [_thread_blocked, id=14872, stack(0x0000008b8ff00000,0x0000008b90000000) (1024K)]
  0x0000023ff61133a0 JavaThread "Attach Listener"            daemon [_thread_blocked, id=28856, stack(0x0000008b90000000,0x0000008b90100000) (1024K)]
  0x0000023ff6114de0 JavaThread "Service Thread"             daemon [_thread_blocked, id=3884, stack(0x0000008b90100000,0x0000008b90200000) (1024K)]
  0x0000023ff6115470 JavaThread "Monitor Deflation Thread"   daemon [_thread_blocked, id=11436, stack(0x0000008b90200000,0x0000008b90300000) (1024K)]
=>0x0000023ff611ac60 JavaThread "C2 CompilerThread0"         daemon [_thread_in_native, id=14472, stack(0x0000008b90300000,0x0000008b90400000) (1024K)]
  0x0000023ff6127a60 JavaThread "C1 CompilerThread0"         daemon [_thread_in_native, id=28324, stack(0x0000008b90400000,0x0000008b90500000) (1024K)]
  0x0000023ff6113a30 JavaThread "Notification Thread"        daemon [_thread_blocked, id=24168, stack(0x0000008b90500000,0x0000008b90600000) (1024K)]
  0x0000023ff6112d10 JavaThread "Common-Cleaner"             daemon [_thread_blocked, id=25908, stack(0x0000008b90600000,0x0000008b90700000) (1024K)]
  0x0000023ff61140c0 JavaThread "Thread-1"                   daemon [_thread_blocked, id=21344, stack(0x0000008b91000000,0x0000008b91100000) (1024K)]
  0x0000023ffb34e3b0 JavaThread "C2 CompilerThread1"         daemon [_thread_blocked, id=22956, stack(0x0000008b91100000,0x0000008b91200000) (1024K)]
Total: 13

Other Threads:
  0x0000023ff60eac40 VMThread "VM Thread"                           [id=20040, stack(0x0000008b8fc00000,0x0000008b8fd00000) (1024K)]
  0x0000023ff60d8c10 WatcherThread "VM Periodic Task Thread"        [id=19304, stack(0x0000008b8fb00000,0x0000008b8fc00000) (1024K)]
  0x0000023fd74ba350 WorkerThread "GC Thread#0"                     [id=28588, stack(0x0000008b8f600000,0x0000008b8f700000) (1024K)]
  0x0000023ff6dcf280 WorkerThread "GC Thread#1"                     [id=7100, stack(0x0000008b90700000,0x0000008b90800000) (1024K)]
  0x0000023ffb0c7a90 WorkerThread "GC Thread#2"                     [id=12972, stack(0x0000008b90800000,0x0000008b90900000) (1024K)]
  0x0000023ff6a121f0 WorkerThread "GC Thread#3"                     [id=4608, stack(0x0000008b90900000,0x0000008b90a00000) (1024K)]
  0x0000023ffb0b1050 WorkerThread "GC Thread#4"                     [id=11636, stack(0x0000008b90a00000,0x0000008b90b00000) (1024K)]
  0x0000023ffb0bcb00 WorkerThread "GC Thread#5"                     [id=23720, stack(0x0000008b90b00000,0x0000008b90c00000) (1024K)]
  0x0000023ffb0bb130 WorkerThread "GC Thread#6"                     [id=30204, stack(0x0000008b90c00000,0x0000008b90d00000) (1024K)]
  0x0000023ffb0bb4e0 WorkerThread "GC Thread#7"                     [id=25504, stack(0x0000008b90d00000,0x0000008b90e00000) (1024K)]
  0x0000023ffb0bc3a0 WorkerThread "GC Thread#8"                     [id=18948, stack(0x0000008b90e00000,0x0000008b90f00000) (1024K)]
  0x0000023ffb0bc750 WorkerThread "GC Thread#9"                     [id=29160, stack(0x0000008b90f00000,0x0000008b91000000) (1024K)]
  0x0000023fd74cb740 ConcurrentGCThread "G1 Main Marker"            [id=13784, stack(0x0000008b8f700000,0x0000008b8f800000) (1024K)]
  0x0000023fd74cda00 WorkerThread "G1 Conc#0"                       [id=17348, stack(0x0000008b8f800000,0x0000008b8f900000) (1024K)]
  0x0000023ff5fa5190 ConcurrentGCThread "G1 Refine#0"               [id=3336, stack(0x0000008b8f900000,0x0000008b8fa00000) (1024K)]
  0x0000023ff5fa5ac0 ConcurrentGCThread "G1 Service"                [id=28188, stack(0x0000008b8fa00000,0x0000008b8fb00000) (1024K)]
Total: 16

Threads with active compile tasks:
C2 CompilerThread0    10634 4758 %     4       sun.nio.fs.WindowsPathParser::normalize @ 18 (233 bytes)
C1 CompilerThread0    10634 4782   !   3       com.google.inject.internal.InjectorImpl::getBinding (54 bytes)
Total: 2

VM state: not at safepoint (normal execution)

VM Mutex/Monitor currently owned by a thread: None

Heap address: 0x0000000085800000, size: 1960 MB, Compressed Oops mode: 32-bit

CDS archive(s) mapped at: [0x0000023f80000000-0x0000023f80c90000-0x0000023f80c90000), size 13172736, SharedBaseAddress: 0x0000023f80000000, ArchiveRelocationMode: 1.
Compressed class space mapped at: 0x0000023f81000000-0x0000023fc1000000, reserved size: 1073741824
Narrow klass base: 0x0000023f80000000, Narrow klass shift: 0, Narrow klass range: 0x100000000

GC Precious Log:
 CardTable entry size: 512
 Card Set container configuration: InlinePtr #cards 5 size 8 Array Of Cards #cards 12 size 40 Howl #buckets 4 coarsen threshold 1843 Howl Bitmap #cards 512 size 80 coarsen threshold 460 Card regions per heap region 1 cards per card region 2048
 CPUs: 12 total, 12 available
 Memory: 7832M
 Large Page Support: Disabled
 NUMA Support: Disabled
 Compressed Oops: Enabled (32-bit)
 Heap Region Size: 1M
 Heap Min Capacity: 8M
 Heap Initial Capacity: 124M
 Heap Max Capacity: 1960M
 Pre-touch: Disabled
 Parallel Workers: 10
 Concurrent Workers: 3
 Concurrent Refinement Workers: 10
 Periodic GC: Disabled

Heap:
 garbage-first heap   total 126976K, used 98587K [0x0000000085800000, 0x0000000100000000)
  region size 1024K, 62 young (63488K), 10 survivors (10240K)
 Metaspace       used 17877K, committed 18176K, reserved 1114112K
  class space    used 2006K, committed 2112K, reserved 1048576K

Heap Regions: E=young(eden), S=young(survivor), O=old, HS=humongous(starts), HC=humongous(continues), CS=collection set, F=free, TAMS=top-at-mark-start, PB=parsable bottom
|   0|0x0000000085800000, 0x0000000085900000, 0x0000000085900000|100%| O|  |TAMS 0x0000000085800000| PB 0x0000000085800000| Untracked 
|   1|0x0000000085900000, 0x0000000085a00000, 0x0000000085a00000|100%| O|  |TAMS 0x0000000085900000| PB 0x0000000085900000| Untracked 
|   2|0x0000000085a00000, 0x0000000085b00000, 0x0000000085b00000|100%| O|  |TAMS 0x0000000085a00000| PB 0x0000000085a00000| Untracked 
|   3|0x0000000085b00000, 0x0000000085bc6ed0, 0x0000000085c00000| 77%| O|  |TAMS 0x0000000085b00000| PB 0x0000000085b00000| Untracked 
|   4|0x0000000085c00000, 0x0000000085d00000, 0x0000000085d00000|100%|HS|  |TAMS 0x0000000085c00000| PB 0x0000000085c00000| Complete 
|   5|0x0000000085d00000, 0x0000000085e00000, 0x0000000085e00000|100%|HC|  |TAMS 0x0000000085d00000| PB 0x0000000085d00000| Complete 
|   6|0x0000000085e00000, 0x0000000085f00000, 0x0000000085f00000|100%|HC|  |TAMS 0x0000000085e00000| PB 0x0000000085e00000| Complete 
|   7|0x0000000085f00000, 0x0000000086000000, 0x0000000086000000|100%|HC|  |TAMS 0x0000000085f00000| PB 0x0000000085f00000| Complete 
|   8|0x0000000086000000, 0x0000000086100000, 0x0000000086100000|100%|HC|  |TAMS 0x0000000086000000| PB 0x0000000086000000| Complete 
|   9|0x0000000086100000, 0x0000000086200000, 0x0000000086200000|100%|HC|  |TAMS 0x0000000086100000| PB 0x0000000086100000| Complete 
|  10|0x0000000086200000, 0x0000000086300000, 0x0000000086300000|100%|HC|  |TAMS 0x0000000086200000| PB 0x0000000086200000| Complete 
|  11|0x0000000086300000, 0x0000000086400000, 0x0000000086400000|100%|HC|  |TAMS 0x0000000086300000| PB 0x0000000086300000| Complete 
|  12|0x0000000086400000, 0x0000000086500000, 0x0000000086500000|100%|HS|  |TAMS 0x0000000086400000| PB 0x0000000086400000| Complete 
|  13|0x0000000086500000, 0x0000000086600000, 0x0000000086600000|100%|HC|  |TAMS 0x0000000086500000| PB 0x0000000086500000| Complete 
|  14|0x0000000086600000, 0x0000000086700000, 0x0000000086700000|100%|HC|  |TAMS 0x0000000086600000| PB 0x0000000086600000| Complete 
|  15|0x0000000086700000, 0x0000000086800000, 0x0000000086800000|100%|HC|  |TAMS 0x0000000086700000| PB 0x0000000086700000| Complete 
|  16|0x0000000086800000, 0x0000000086900000, 0x0000000086900000|100%|HC|  |TAMS 0x0000000086800000| PB 0x0000000086800000| Complete 
|  17|0x0000000086900000, 0x0000000086a00000, 0x0000000086a00000|100%|HC|  |TAMS 0x0000000086900000| PB 0x0000000086900000| Complete 
|  18|0x0000000086a00000, 0x0000000086b00000, 0x0000000086b00000|100%|HC|  |TAMS 0x0000000086a00000| PB 0x0000000086a00000| Complete 
|  19|0x0000000086b00000, 0x0000000086c00000, 0x0000000086c00000|100%|HC|  |TAMS 0x0000000086b00000| PB 0x0000000086b00000| Complete 
|  20|0x0000000086c00000, 0x0000000086d00000, 0x0000000086d00000|100%|HC|  |TAMS 0x0000000086c00000| PB 0x0000000086c00000| Complete 
|  21|0x0000000086d00000, 0x0000000086e00000, 0x0000000086e00000|100%|HC|  |TAMS 0x0000000086d00000| PB 0x0000000086d00000| Complete 
|  22|0x0000000086e00000, 0x0000000086f00000, 0x0000000086f00000|100%|HC|  |TAMS 0x0000000086e00000| PB 0x0000000086e00000| Complete 
|  23|0x0000000086f00000, 0x0000000087000000, 0x0000000087000000|100%|HC|  |TAMS 0x0000000086f00000| PB 0x0000000086f00000| Complete 
|  24|0x0000000087000000, 0x0000000087100000, 0x0000000087100000|100%|HS|  |TAMS 0x0000000087000000| PB 0x0000000087000000| Complete 
|  25|0x0000000087100000, 0x0000000087200000, 0x0000000087200000|100%|HC|  |TAMS 0x0000000087100000| PB 0x0000000087100000| Complete 
|  26|0x0000000087200000, 0x0000000087300000, 0x0000000087300000|100%|HC|  |TAMS 0x0000000087200000| PB 0x0000000087200000| Complete 
|  27|0x0000000087300000, 0x0000000087400000, 0x0000000087400000|100%|HC|  |TAMS 0x0000000087300000| PB 0x0000000087300000| Complete 
|  28|0x0000000087400000, 0x0000000087500000, 0x0000000087500000|100%|HC|  |TAMS 0x0000000087400000| PB 0x0000000087400000| Complete 
|  29|0x0000000087500000, 0x0000000087600000, 0x0000000087600000|100%|HC|  |TAMS 0x0000000087500000| PB 0x0000000087500000| Complete 
|  30|0x0000000087600000, 0x0000000087700000, 0x0000000087700000|100%|HC|  |TAMS 0x0000000087600000| PB 0x0000000087600000| Complete 
|  31|0x0000000087700000, 0x0000000087800000, 0x0000000087800000|100%|HC|  |TAMS 0x0000000087700000| PB 0x0000000087700000| Complete 
|  32|0x0000000087800000, 0x0000000087900000, 0x0000000087900000|100%|HC|  |TAMS 0x0000000087800000| PB 0x0000000087800000| Complete 
|  33|0x0000000087900000, 0x0000000087a00000, 0x0000000087a00000|100%|HC|  |TAMS 0x0000000087900000| PB 0x0000000087900000| Complete 
|  34|0x0000000087a00000, 0x0000000087b00000, 0x0000000087b00000|100%|HC|  |TAMS 0x0000000087a00000| PB 0x0000000087a00000| Complete 
|  35|0x0000000087b00000, 0x0000000087c00000, 0x0000000087c00000|100%|HC|  |TAMS 0x0000000087b00000| PB 0x0000000087b00000| Complete 
|  36|0x0000000087c00000, 0x0000000087c00000, 0x0000000087d00000|  0%| F|  |TAMS 0x0000000087c00000| PB 0x0000000087c00000| Untracked 
|  37|0x0000000087d00000, 0x0000000087d00000, 0x0000000087e00000|  0%| F|  |TAMS 0x0000000087d00000| PB 0x0000000087d00000| Untracked 
|  38|0x0000000087e00000, 0x0000000087e00000, 0x0000000087f00000|  0%| F|  |TAMS 0x0000000087e00000| PB 0x0000000087e00000| Untracked 
|  39|0x0000000087f00000, 0x0000000087f00000, 0x0000000088000000|  0%| F|  |TAMS 0x0000000087f00000| PB 0x0000000087f00000| Untracked 
|  40|0x0000000088000000, 0x0000000088080000, 0x0000000088100000| 50%| S|CS|TAMS 0x0000000088000000| PB 0x0000000088000000| Complete 
|  41|0x0000000088100000, 0x0000000088200000, 0x0000000088200000|100%| S|CS|TAMS 0x0000000088100000| PB 0x0000000088100000| Complete 
|  42|0x0000000088200000, 0x0000000088300000, 0x0000000088300000|100%| S|CS|TAMS 0x0000000088200000| PB 0x0000000088200000| Complete 
|  43|0x0000000088300000, 0x0000000088400000, 0x0000000088400000|100%| S|CS|TAMS 0x0000000088300000| PB 0x0000000088300000| Complete 
|  44|0x0000000088400000, 0x0000000088500000, 0x0000000088500000|100%| S|CS|TAMS 0x0000000088400000| PB 0x0000000088400000| Complete 
|  45|0x0000000088500000, 0x0000000088600000, 0x0000000088600000|100%| S|CS|TAMS 0x0000000088500000| PB 0x0000000088500000| Complete 
|  46|0x0000000088600000, 0x0000000088700000, 0x0000000088700000|100%| S|CS|TAMS 0x0000000088600000| PB 0x0000000088600000| Complete 
|  47|0x0000000088700000, 0x0000000088800000, 0x0000000088800000|100%| S|CS|TAMS 0x0000000088700000| PB 0x0000000088700000| Complete 
|  48|0x0000000088800000, 0x0000000088900000, 0x0000000088900000|100%| S|CS|TAMS 0x0000000088800000| PB 0x0000000088800000| Complete 
|  49|0x0000000088900000, 0x0000000088a00000, 0x0000000088a00000|100%| S|CS|TAMS 0x0000000088900000| PB 0x0000000088900000| Complete 
|  50|0x0000000088a00000, 0x0000000088a00000, 0x0000000088b00000|  0%| F|  |TAMS 0x0000000088a00000| PB 0x0000000088a00000| Untracked 
|  51|0x0000000088b00000, 0x0000000088b00000, 0x0000000088c00000|  0%| F|  |TAMS 0x0000000088b00000| PB 0x0000000088b00000| Untracked 
|  52|0x0000000088c00000, 0x0000000088c00000, 0x0000000088d00000|  0%| F|  |TAMS 0x0000000088c00000| PB 0x0000000088c00000| Untracked 
|  53|0x0000000088d00000, 0x0000000088d00000, 0x0000000088e00000|  0%| F|  |TAMS 0x0000000088d00000| PB 0x0000000088d00000| Untracked 
|  54|0x0000000088e00000, 0x0000000088e00000, 0x0000000088f00000|  0%| F|  |TAMS 0x0000000088e00000| PB 0x0000000088e00000| Untracked 
|  55|0x0000000088f00000, 0x0000000088f00000, 0x0000000089000000|  0%| F|  |TAMS 0x0000000088f00000| PB 0x0000000088f00000| Untracked 
|  56|0x0000000089000000, 0x0000000089000000, 0x0000000089100000|  0%| F|  |TAMS 0x0000000089000000| PB 0x0000000089000000| Untracked 
|  57|0x0000000089100000, 0x0000000089100000, 0x0000000089200000|  0%| F|  |TAMS 0x0000000089100000| PB 0x0000000089100000| Untracked 
|  58|0x0000000089200000, 0x0000000089200000, 0x0000000089300000|  0%| F|  |TAMS 0x0000000089200000| PB 0x0000000089200000| Untracked 
|  59|0x0000000089300000, 0x0000000089300000, 0x0000000089400000|  0%| F|  |TAMS 0x0000000089300000| PB 0x0000000089300000| Untracked 
|  60|0x0000000089400000, 0x0000000089400000, 0x0000000089500000|  0%| F|  |TAMS 0x0000000089400000| PB 0x0000000089400000| Untracked 
|  61|0x0000000089500000, 0x0000000089500000, 0x0000000089600000|  0%| F|  |TAMS 0x0000000089500000| PB 0x0000000089500000| Untracked 
|  62|0x0000000089600000, 0x0000000089600000, 0x0000000089700000|  0%| F|  |TAMS 0x0000000089600000| PB 0x0000000089600000| Untracked 
|  63|0x0000000089700000, 0x0000000089700000, 0x0000000089800000|  0%| F|  |TAMS 0x0000000089700000| PB 0x0000000089700000| Untracked 
|  64|0x0000000089800000, 0x0000000089800000, 0x0000000089900000|  0%| F|  |TAMS 0x0000000089800000| PB 0x0000000089800000| Untracked 
|  65|0x0000000089900000, 0x0000000089900000, 0x0000000089a00000|  0%| F|  |TAMS 0x0000000089900000| PB 0x0000000089900000| Untracked 
|  66|0x0000000089a00000, 0x0000000089a00000, 0x0000000089b00000|  0%| F|  |TAMS 0x0000000089a00000| PB 0x0000000089a00000| Untracked 
|  67|0x0000000089b00000, 0x0000000089b00000, 0x0000000089c00000|  0%| F|  |TAMS 0x0000000089b00000| PB 0x0000000089b00000| Untracked 
|  68|0x0000000089c00000, 0x0000000089c00000, 0x0000000089d00000|  0%| F|  |TAMS 0x0000000089c00000| PB 0x0000000089c00000| Untracked 
|  69|0x0000000089d00000, 0x0000000089d00000, 0x0000000089e00000|  0%| F|  |TAMS 0x0000000089d00000| PB 0x0000000089d00000| Untracked 
|  70|0x0000000089e00000, 0x0000000089e00000, 0x0000000089f00000|  0%| F|  |TAMS 0x0000000089e00000| PB 0x0000000089e00000| Untracked 
|  71|0x0000000089f00000, 0x0000000089f00000, 0x000000008a000000|  0%| F|  |TAMS 0x0000000089f00000| PB 0x0000000089f00000| Untracked 
|  72|0x000000008a000000, 0x000000008a080000, 0x000000008a100000| 50%| E|  |TAMS 0x000000008a000000| PB 0x000000008a000000| Complete 
|  73|0x000000008a100000, 0x000000008a200000, 0x000000008a200000|100%| E|CS|TAMS 0x000000008a100000| PB 0x000000008a100000| Complete 
|  74|0x000000008a200000, 0x000000008a300000, 0x000000008a300000|100%| E|CS|TAMS 0x000000008a200000| PB 0x000000008a200000| Complete 
|  75|0x000000008a300000, 0x000000008a400000, 0x000000008a400000|100%| E|CS|TAMS 0x000000008a300000| PB 0x000000008a300000| Complete 
|  76|0x000000008a400000, 0x000000008a500000, 0x000000008a500000|100%| E|CS|TAMS 0x000000008a400000| PB 0x000000008a400000| Complete 
|  77|0x000000008a500000, 0x000000008a600000, 0x000000008a600000|100%| E|CS|TAMS 0x000000008a500000| PB 0x000000008a500000| Complete 
|  78|0x000000008a600000, 0x000000008a700000, 0x000000008a700000|100%| E|CS|TAMS 0x000000008a600000| PB 0x000000008a600000| Complete 
|  79|0x000000008a700000, 0x000000008a800000, 0x000000008a800000|100%| E|CS|TAMS 0x000000008a700000| PB 0x000000008a700000| Complete 
|  80|0x000000008a800000, 0x000000008a900000, 0x000000008a900000|100%| E|CS|TAMS 0x000000008a800000| PB 0x000000008a800000| Complete 
|  81|0x000000008a900000, 0x000000008aa00000, 0x000000008aa00000|100%| E|CS|TAMS 0x000000008a900000| PB 0x000000008a900000| Complete 
|  82|0x000000008aa00000, 0x000000008ab00000, 0x000000008ab00000|100%| E|CS|TAMS 0x000000008aa00000| PB 0x000000008aa00000| Complete 
|  83|0x000000008ab00000, 0x000000008ac00000, 0x000000008ac00000|100%| E|CS|TAMS 0x000000008ab00000| PB 0x000000008ab00000| Complete 
|  84|0x000000008ac00000, 0x000000008ad00000, 0x000000008ad00000|100%| E|CS|TAMS 0x000000008ac00000| PB 0x000000008ac00000| Complete 
|  85|0x000000008ad00000, 0x000000008ae00000, 0x000000008ae00000|100%| E|CS|TAMS 0x000000008ad00000| PB 0x000000008ad00000| Complete 
|  86|0x000000008ae00000, 0x000000008af00000, 0x000000008af00000|100%| E|CS|TAMS 0x000000008ae00000| PB 0x000000008ae00000| Complete 
|  87|0x000000008af00000, 0x000000008b000000, 0x000000008b000000|100%| E|CS|TAMS 0x000000008af00000| PB 0x000000008af00000| Complete 
|  88|0x000000008b000000, 0x000000008b100000, 0x000000008b100000|100%| E|CS|TAMS 0x000000008b000000| PB 0x000000008b000000| Complete 
|  89|0x000000008b100000, 0x000000008b200000, 0x000000008b200000|100%| E|CS|TAMS 0x000000008b100000| PB 0x000000008b100000| Complete 
|  90|0x000000008b200000, 0x000000008b300000, 0x000000008b300000|100%| E|CS|TAMS 0x000000008b200000| PB 0x000000008b200000| Complete 
|  91|0x000000008b300000, 0x000000008b400000, 0x000000008b400000|100%| E|CS|TAMS 0x000000008b300000| PB 0x000000008b300000| Complete 
|  92|0x000000008b400000, 0x000000008b500000, 0x000000008b500000|100%| E|CS|TAMS 0x000000008b400000| PB 0x000000008b400000| Complete 
|  93|0x000000008b500000, 0x000000008b600000, 0x000000008b600000|100%| E|CS|TAMS 0x000000008b500000| PB 0x000000008b500000| Complete 
|  94|0x000000008b600000, 0x000000008b700000, 0x000000008b700000|100%| E|CS|TAMS 0x000000008b600000| PB 0x000000008b600000| Complete 
|  95|0x000000008b700000, 0x000000008b800000, 0x000000008b800000|100%| E|CS|TAMS 0x000000008b700000| PB 0x000000008b700000| Complete 
|  96|0x000000008b800000, 0x000000008b900000, 0x000000008b900000|100%| E|CS|TAMS 0x000000008b800000| PB 0x000000008b800000| Complete 
|  97|0x000000008b900000, 0x000000008ba00000, 0x000000008ba00000|100%| E|CS|TAMS 0x000000008b900000| PB 0x000000008b900000| Complete 
|  98|0x000000008ba00000, 0x000000008bb00000, 0x000000008bb00000|100%| E|CS|TAMS 0x000000008ba00000| PB 0x000000008ba00000| Complete 
|  99|0x000000008bb00000, 0x000000008bc00000, 0x000000008bc00000|100%| E|CS|TAMS 0x000000008bb00000| PB 0x000000008bb00000| Complete 
| 100|0x000000008bc00000, 0x000000008bd00000, 0x000000008bd00000|100%| E|CS|TAMS 0x000000008bc00000| PB 0x000000008bc00000| Complete 
| 101|0x000000008bd00000, 0x000000008be00000, 0x000000008be00000|100%| E|CS|TAMS 0x000000008bd00000| PB 0x000000008bd00000| Complete 
| 102|0x000000008be00000, 0x000000008bf00000, 0x000000008bf00000|100%| E|CS|TAMS 0x000000008be00000| PB 0x000000008be00000| Complete 
| 103|0x000000008bf00000, 0x000000008c000000, 0x000000008c000000|100%| E|CS|TAMS 0x000000008bf00000| PB 0x000000008bf00000| Complete 
| 104|0x000000008c000000, 0x000000008c100000, 0x000000008c100000|100%| E|CS|TAMS 0x000000008c000000| PB 0x000000008c000000| Complete 
| 105|0x000000008c100000, 0x000000008c200000, 0x000000008c200000|100%| E|CS|TAMS 0x000000008c100000| PB 0x000000008c100000| Complete 
| 106|0x000000008c200000, 0x000000008c300000, 0x000000008c300000|100%| E|CS|TAMS 0x000000008c200000| PB 0x000000008c200000| Complete 
| 107|0x000000008c300000, 0x000000008c400000, 0x000000008c400000|100%| E|CS|TAMS 0x000000008c300000| PB 0x000000008c300000| Complete 
| 108|0x000000008c400000, 0x000000008c500000, 0x000000008c500000|100%| E|CS|TAMS 0x000000008c400000| PB 0x000000008c400000| Complete 
| 109|0x000000008c500000, 0x000000008c600000, 0x000000008c600000|100%| E|CS|TAMS 0x000000008c500000| PB 0x000000008c500000| Complete 
| 110|0x000000008c600000, 0x000000008c700000, 0x000000008c700000|100%| E|CS|TAMS 0x000000008c600000| PB 0x000000008c600000| Complete 
| 111|0x000000008c700000, 0x000000008c800000, 0x000000008c800000|100%| E|CS|TAMS 0x000000008c700000| PB 0x000000008c700000| Complete 
| 112|0x000000008c800000, 0x000000008c900000, 0x000000008c900000|100%| E|CS|TAMS 0x000000008c800000| PB 0x000000008c800000| Complete 
| 113|0x000000008c900000, 0x000000008ca00000, 0x000000008ca00000|100%| E|CS|TAMS 0x000000008c900000| PB 0x000000008c900000| Complete 
| 114|0x000000008ca00000, 0x000000008cb00000, 0x000000008cb00000|100%| E|CS|TAMS 0x000000008ca00000| PB 0x000000008ca00000| Complete 
| 115|0x000000008cb00000, 0x000000008cc00000, 0x000000008cc00000|100%| E|CS|TAMS 0x000000008cb00000| PB 0x000000008cb00000| Complete 
| 116|0x000000008cc00000, 0x000000008cd00000, 0x000000008cd00000|100%| E|CS|TAMS 0x000000008cc00000| PB 0x000000008cc00000| Complete 
| 117|0x000000008cd00000, 0x000000008ce00000, 0x000000008ce00000|100%| E|CS|TAMS 0x000000008cd00000| PB 0x000000008cd00000| Complete 
| 118|0x000000008ce00000, 0x000000008cf00000, 0x000000008cf00000|100%| E|CS|TAMS 0x000000008ce00000| PB 0x000000008ce00000| Complete 
| 119|0x000000008cf00000, 0x000000008d000000, 0x000000008d000000|100%| E|CS|TAMS 0x000000008cf00000| PB 0x000000008cf00000| Complete 
| 120|0x000000008d000000, 0x000000008d100000, 0x000000008d100000|100%| E|CS|TAMS 0x000000008d000000| PB 0x000000008d000000| Complete 
| 121|0x000000008d100000, 0x000000008d200000, 0x000000008d200000|100%| E|CS|TAMS 0x000000008d100000| PB 0x000000008d100000| Complete 
| 122|0x000000008d200000, 0x000000008d300000, 0x000000008d300000|100%| E|CS|TAMS 0x000000008d200000| PB 0x000000008d200000| Complete 
| 123|0x000000008d300000, 0x000000008d400000, 0x000000008d400000|100%| E|CS|TAMS 0x000000008d300000| PB 0x000000008d300000| Complete 

Card table byte_map: [0x0000023ff11b0000,0x0000023ff1590000] _byte_map_base: 0x0000023ff0d84000

Marking Bits: (CMBitMap*) 0x0000023fd74baa60
 Bits: [0x0000023ff1590000, 0x0000023ff3430000)

Polling page: 0x0000023fd7530000

Metaspace:

Usage:
  Non-class:     15.51 MB used.
      Class:      1.96 MB used.
       Both:     17.47 MB used.

Virtual space:
  Non-class space:       64.00 MB reserved,      15.69 MB ( 25%) committed,  1 nodes.
      Class space:        1.00 GB reserved,       2.06 MB ( <1%) committed,  1 nodes.
             Both:        1.06 GB reserved,      17.75 MB (  2%) committed. 

Chunk freelists:
   Non-Class:  288.00 KB
       Class:  13.78 MB
        Both:  14.06 MB

MaxMetaspaceSize: unlimited
CompressedClassSpaceSize: 1.00 GB
Initial GC threshold: 21.00 MB
Current GC threshold: 21.00 MB
CDS: on
 - commit_granule_bytes: 65536.
 - commit_granule_words: 8192.
 - virtual_space_node_default_size: 8388608.
 - enlarge_chunks_in_place: 1.
 - use_allocation_guard: 0.


Internal statistics:

num_allocs_failed_limit: 0.
num_arena_births: 176.
num_arena_deaths: 0.
num_vsnodes_births: 2.
num_vsnodes_deaths: 0.
num_space_committed: 284.
num_space_uncommitted: 0.
num_chunks_returned_to_freelist: 0.
num_chunks_taken_from_freelist: 793.
num_chunk_merges: 0.
num_chunk_splits: 550.
num_chunks_enlarged: 448.
num_inconsistent_stats: 0.

CodeHeap 'non-profiled nmethods': size=120000Kb used=2291Kb max_used=2291Kb free=117708Kb
 bounds [0x0000023fe8d10000, 0x0000023fe8f80000, 0x0000023ff0240000]
CodeHeap 'profiled nmethods': size=120000Kb used=10292Kb max_used=10292Kb free=109707Kb
 bounds [0x0000023fe1240000, 0x0000023fe1c50000, 0x0000023fe8770000]
CodeHeap 'non-nmethods': size=5760Kb used=1417Kb max_used=1448Kb free=4342Kb
 bounds [0x0000023fe8770000, 0x0000023fe89e0000, 0x0000023fe8d10000]
 total_blobs=5296 nmethods=4788 adapters=412
 compilation: enabled
              stopped_count=0, restarted_count=0
 full_count=0

Compilation events (20 events):
Event: 8.534 Thread 0x0000023ff6127a60 nmethod 4756 0x0000023fe1c30610 code [0x0000023fe1c30b40, 0x0000023fe1c32c28]
Event: 8.534 Thread 0x0000023ff611ac60 4758 %     4       sun.nio.fs.WindowsPathParser::normalize @ 18 (233 bytes)
Event: 8.541 Thread 0x0000023ff6127a60 4760       3       java.util.zip.ZipFile$Source::initCEN (612 bytes)
Event: 8.544 Thread 0x0000023ff6127a60 nmethod 4760 0x0000023fe1c33b10 code [0x0000023fe1c34080, 0x0000023fe1c372b8]
Event: 8.544 Thread 0x0000023ff6127a60 4761       3       jdk.internal.perf.PerfCounter::increment (6 bytes)
Event: 8.544 Thread 0x0000023ff6127a60 nmethod 4761 0x0000023fe1c38590 code [0x0000023fe1c38740, 0x0000023fe1c38890]
Event: 8.546 Thread 0x0000023ffb34e3b0 nmethod 4757 0x0000023fe8f47d90 code [0x0000023fe8f47f80, 0x0000023fe8f48a68]
Event: 8.546 Thread 0x0000023ffb34e3b0 4759       4       java.io.WinNTFileSystem::isLetter (30 bytes)
Event: 8.546 Thread 0x0000023ff6127a60 4762       3       java.util.zip.ZipFile::getEntryName (42 bytes)
Event: 8.546 Thread 0x0000023ffb34e3b0 nmethod 4759 0x0000023fe8f48d90 code [0x0000023fe8f48f20, 0x0000023fe8f48ff8]
Event: 8.547 Thread 0x0000023ff6127a60 nmethod 4762 0x0000023fe1c38910 code [0x0000023fe1c38ae0, 0x0000023fe1c38e48]
Event: 8.547 Thread 0x0000023ff6127a60 4763       3       java.io.ByteArrayOutputStream::<init> (7 bytes)
Event: 8.547 Thread 0x0000023ff6127a60 nmethod 4763 0x0000023fe1c39090 code [0x0000023fe1c39240, 0x0000023fe1c39380]
Event: 8.547 Thread 0x0000023ff6127a60 4764       3       java.io.ByteArrayOutputStream::<init> (43 bytes)
Event: 8.548 Thread 0x0000023ff6127a60 nmethod 4764 0x0000023fe1c39410 code [0x0000023fe1c39660, 0x0000023fe1c39df0]
Event: 8.549 Thread 0x0000023ffb34e3b0 4765       4       org.objectweb.asm.ClassReader::readUtf (44 bytes)
Event: 8.551 Thread 0x0000023ff6127a60 4767  s!   3       java.util.jar.JarFile::ensureInitialization (59 bytes)
Event: 8.552 Thread 0x0000023ff6127a60 nmethod 4767 0x0000023fe1c3a110 code [0x0000023fe1c3a360, 0x0000023fe1c3ab80]
Event: 8.558 Thread 0x0000023ff6127a60 4768       3       java.util.ArrayList::set (24 bytes)
Event: 8.559 Thread 0x0000023ff6127a60 nmethod 4768 0x0000023fe1c3af10 code [0x0000023fe1c3b0e0, 0x0000023fe1c3b528]

GC Heap History (6 events):
Event: 1.310 GC heap before
{Heap before GC invocations=0 (full 0):
 garbage-first heap   total 126976K, used 23552K [0x0000000085800000, 0x0000000100000000)
  region size 1024K, 23 young (23552K), 0 survivors (0K)
 Metaspace       used 5633K, committed 5888K, reserved 1114112K
  class space    used 648K, committed 768K, reserved 1048576K
}
Event: 1.324 GC heap after
{Heap after GC invocations=1 (full 0):
 garbage-first heap   total 126976K, used 3764K [0x0000000085800000, 0x0000000100000000)
  region size 1024K, 3 young (3072K), 3 survivors (3072K)
 Metaspace       used 5633K, committed 5888K, reserved 1114112K
  class space    used 648K, committed 768K, reserved 1048576K
}
Event: 2.468 GC heap before
{Heap before GC invocations=1 (full 0):
 garbage-first heap   total 126976K, used 34484K [0x0000000085800000, 0x0000000100000000)
  region size 1024K, 33 young (33792K), 3 survivors (3072K)
 Metaspace       used 9590K, committed 9728K, reserved 1114112K
  class space    used 1124K, committed 1216K, reserved 1048576K
}
Event: 2.481 GC heap after
{Heap after GC invocations=2 (full 0):
 garbage-first heap   total 126976K, used 5438K [0x0000000085800000, 0x0000000100000000)
  region size 1024K, 2 young (2048K), 2 survivors (2048K)
 Metaspace       used 9590K, committed 9728K, reserved 1114112K
  class space    used 1124K, committed 1216K, reserved 1048576K
}
Event: 6.335 GC heap before
{Heap before GC invocations=2 (full 0):
 garbage-first heap   total 126976K, used 79166K [0x0000000085800000, 0x0000000100000000)
  region size 1024K, 74 young (75776K), 2 survivors (2048K)
 Metaspace       used 15890K, committed 16128K, reserved 1114112K
  class space    used 1836K, committed 1920K, reserved 1048576K
}
Event: 6.361 GC heap after
{Heap after GC invocations=3 (full 0):
 garbage-first heap   total 126976K, used 13595K [0x0000000085800000, 0x0000000100000000)
  region size 1024K, 10 young (10240K), 10 survivors (10240K)
 Metaspace       used 15890K, committed 16128K, reserved 1114112K
  class space    used 1836K, committed 1920K, reserved 1048576K
}

Dll operation events (8 events):
Event: 0.012 Loaded shared library D:\jdk-21.0.9\bin\java.dll
Event: 0.061 Loaded shared library D:\jdk-21.0.9\bin\jsvml.dll
Event: 0.091 Loaded shared library D:\jdk-21.0.9\bin\net.dll
Event: 0.095 Loaded shared library D:\jdk-21.0.9\bin\nio.dll
Event: 0.102 Loaded shared library D:\jdk-21.0.9\bin\zip.dll
Event: 0.376 Loaded shared library D:\jdk-21.0.9\bin\jimage.dll
Event: 0.381 Loaded shared library C:\Users\tguha\.m2\wrapper\dists\apache-maven-3.9.12\59fe215c0ad6947fea90184bf7add084544567b927287592651fda3782e0e798\lib\jansi-native\Windows\x86_64\jansi.dll
Event: 0.408 Loaded shared library D:\jdk-21.0.9\bin\verify.dll

Deoptimization events (20 events):
Event: 8.199 Thread 0x0000023fd7468dc0 Uncommon trap: trap_request=0xffffffc6 fr.pc=0x0000023fe8df50d0 relative=0x0000000000000090
Event: 8.199 Thread 0x0000023fd7468dc0 Uncommon trap: reason=bimorphic_or_optimized_type_check action=maybe_recompile pc=0x0000023fe8df50d0 method=com.google.inject.internal.LinkedBindingImpl.acceptTargetVisitor(Lcom/google/inject/spi/BindingTargetVisitor;)Ljava/lang/Object; @ 2 c2
Event: 8.199 Thread 0x0000023fd7468dc0 DEOPT PACKING pc=0x0000023fe8df50d0 sp=0x0000008b8f5fd5c0
Event: 8.199 Thread 0x0000023fd7468dc0 DEOPT UNPACKING pc=0x0000023fe87c46a2 sp=0x0000008b8f5fd548 mode 2
Event: 8.199 Thread 0x0000023fd7468dc0 Uncommon trap: trap_request=0xffffffc6 fr.pc=0x0000023fe8df50d0 relative=0x0000000000000090
Event: 8.199 Thread 0x0000023fd7468dc0 Uncommon trap: reason=bimorphic_or_optimized_type_check action=maybe_recompile pc=0x0000023fe8df50d0 method=com.google.inject.internal.LinkedBindingImpl.acceptTargetVisitor(Lcom/google/inject/spi/BindingTargetVisitor;)Ljava/lang/Object; @ 2 c2
Event: 8.199 Thread 0x0000023fd7468dc0 DEOPT PACKING pc=0x0000023fe8df50d0 sp=0x0000008b8f5fd5c0
Event: 8.199 Thread 0x0000023fd7468dc0 DEOPT UNPACKING pc=0x0000023fe87c46a2 sp=0x0000008b8f5fd548 mode 2
Event: 8.214 Thread 0x0000023fd7468dc0 Uncommon trap: trap_request=0xffffffc6 fr.pc=0x0000023fe8df50d0 relative=0x0000000000000090
Event: 8.214 Thread 0x0000023fd7468dc0 Uncommon trap: reason=bimorphic_or_optimized_type_check action=maybe_recompile pc=0x0000023fe8df50d0 method=com.google.inject.internal.LinkedBindingImpl.acceptTargetVisitor(Lcom/google/inject/spi/BindingTargetVisitor;)Ljava/lang/Object; @ 2 c2
Event: 8.214 Thread 0x0000023fd7468dc0 DEOPT PACKING pc=0x0000023fe8df50d0 sp=0x0000008b8f5fd5c0
Event: 8.214 Thread 0x0000023fd7468dc0 DEOPT UNPACKING pc=0x0000023fe87c46a2 sp=0x0000008b8f5fd548 mode 2
Event: 8.215 Thread 0x0000023fd7468dc0 Uncommon trap: trap_request=0xffffffc6 fr.pc=0x0000023fe8df50d0 relative=0x0000000000000090
Event: 8.215 Thread 0x0000023fd7468dc0 Uncommon trap: reason=bimorphic_or_optimized_type_check action=maybe_recompile pc=0x0000023fe8df50d0 method=com.google.inject.internal.LinkedBindingImpl.acceptTargetVisitor(Lcom/google/inject/spi/BindingTargetVisitor;)Ljava/lang/Object; @ 2 c2
Event: 8.215 Thread 0x0000023fd7468dc0 DEOPT PACKING pc=0x0000023fe8df50d0 sp=0x0000008b8f5fd5c0
Event: 8.215 Thread 0x0000023fd7468dc0 DEOPT UNPACKING pc=0x0000023fe87c46a2 sp=0x0000008b8f5fd548 mode 2
Event: 8.234 Thread 0x0000023fd7468dc0 Uncommon trap: trap_request=0xfffffff4 fr.pc=0x0000023fe8ef0dcc relative=0x00000000000008ac
Event: 8.234 Thread 0x0000023fd7468dc0 Uncommon trap: reason=null_check action=make_not_entrant pc=0x0000023fe8ef0dcc method=com.google.inject.internal.InjectorImpl.enterContext()Lcom/google/inject/internal/InternalContext; @ 7 c2
Event: 8.234 Thread 0x0000023fd7468dc0 DEOPT PACKING pc=0x0000023fe8ef0dcc sp=0x0000008b8f5fd640
Event: 8.234 Thread 0x0000023fd7468dc0 DEOPT UNPACKING pc=0x0000023fe87c46a2 sp=0x0000008b8f5fd630 mode 2

Classes loaded (20 events):
Event: 8.274 Loading class java/time/zone/TzdbZoneRulesProvider
Event: 8.274 Loading class java/time/zone/TzdbZoneRulesProvider done
Event: 8.278 Loading class java/time/zone/Ser
Event: 8.279 Loading class java/io/Externalizable
Event: 8.279 Loading class java/io/Externalizable done
Event: 8.279 Loading class java/time/zone/Ser done
Event: 8.280 Loading class java/time/zone/ZoneOffsetTransition
Event: 8.280 Loading class java/time/zone/ZoneOffsetTransition done
Event: 8.290 Loading class jdk/internal/reflect/MethodHandleBooleanFieldAccessorImpl
Event: 8.290 Loading class jdk/internal/reflect/MethodHandleBooleanFieldAccessorImpl done
Event: 8.314 Loading class java/lang/Character$UnicodeBlock
Event: 8.315 Loading class java/lang/Character$Subset
Event: 8.315 Loading class java/lang/Character$Subset done
Event: 8.316 Loading class java/lang/Character$UnicodeBlock done
Event: 8.350 Loading class sun/nio/cs/UTF_8$Encoder
Event: 8.350 Loading class sun/nio/cs/UTF_8$Encoder done
Event: 8.375 Loading class java/nio/BufferMismatch
Event: 8.376 Loading class java/nio/BufferMismatch done
Event: 8.376 Loading class java/nio/file/attribute/PosixFileAttributes
Event: 8.377 Loading class java/nio/file/attribute/PosixFileAttributes done

Classes unloaded (0 events):
No events

Classes redefined (0 events):
No events

Internal exceptions (20 events):
Event: 3.747 Thread 0x0000023fd7468dc0 Implicit null exception at 0x0000023fe8d412a4 to 0x0000023fe8d4190c
Event: 3.748 Thread 0x0000023fd7468dc0 Implicit null exception at 0x0000023fe8d3cf20 to 0x0000023fe8d3d57c
Event: 3.826 Thread 0x0000023fd7468dc0 Exception <a 'java/lang/NoSuchMethodError'{0x000000008bd063a0}: 'void java.lang.invoke.DirectMethodHandle$Holder.invokeSpecial(java.lang.Object, java.lang.Object, java.lang.Object, java.lang.Object, java.lang.Object)'> (0x000000008bd063a0) 
thrown [s\open\src\hotspot\share\interpreter\linkResolver.cpp, line 773]
Event: 3.831 Thread 0x0000023fd7468dc0 Exception <a 'java/lang/NoSuchMethodError'{0x000000008bd20618}: 'void java.lang.invoke.DirectMethodHandle$Holder.invokeSpecial(java.lang.Object, java.lang.Object, java.lang.Object, java.lang.Object, java.lang.Object, java.lang.Object)'> (0x000000008bd20618) 
thrown [s\open\src\hotspot\share\interpreter\linkResolver.cpp, line 773]
Event: 3.860 Thread 0x0000023fd7468dc0 Exception <a 'java/lang/NoSuchMethodError'{0x000000008bc1c158}: 'java.lang.Object java.lang.invoke.DirectMethodHandle$Holder.invokeVirtual(java.lang.Object, java.lang.Object, java.lang.Object)'> (0x000000008bc1c158) 
thrown [s\open\src\hotspot\share\interpreter\linkResolver.cpp, line 773]
Event: 3.955 Thread 0x0000023fd7468dc0 Exception <a 'java/lang/NoSuchMethodError'{0x000000008bbff7e0}: 'void java.lang.invoke.DirectMethodHandle$Holder.invokeVirtual(java.lang.Object, java.lang.Object, int)'> (0x000000008bbff7e0) 
thrown [s\open\src\hotspot\share\interpreter\linkResolver.cpp, line 773]
Event: 3.957 Thread 0x0000023fd7468dc0 Exception <a 'java/lang/NoSuchMethodError'{0x000000008ba03bb0}: 'int java.lang.invoke.DirectMethodHandle$Holder.invokeSpecial(java.lang.Object, java.lang.Object, java.lang.Object, int)'> (0x000000008ba03bb0) 
thrown [s\open\src\hotspot\share\interpreter\linkResolver.cpp, line 773]
Event: 3.961 Thread 0x0000023fd7468dc0 Exception <a 'java/lang/NoSuchMethodError'{0x000000008ba16298}: 'java.lang.Object java.lang.invoke.DirectMethodHandle$Holder.invokeStatic(java.lang.Object, java.lang.Object, java.lang.Object, java.lang.Object, int)'> (0x000000008ba16298) 
thrown [s\open\src\hotspot\share\interpreter\linkResolver.cpp, line 773]
Event: 3.963 Thread 0x0000023fd7468dc0 Exception <a 'java/lang/NoSuchMethodError'{0x000000008ba1e098}: 'void java.lang.invoke.DirectMethodHandle$Holder.invokeSpecial(java.lang.Object, java.lang.Object, java.lang.Object, int)'> (0x000000008ba1e098) 
thrown [s\open\src\hotspot\share\interpreter\linkResolver.cpp, line 773]
Event: 3.964 Thread 0x0000023fd7468dc0 Exception <a 'java/lang/NoSuchMethodError'{0x000000008ba21768}: 'void java.lang.invoke.DelegatingMethodHandle$Holder.reinvoke_L(java.lang.Object, java.lang.Object, int)'> (0x000000008ba21768) 
thrown [s\open\src\hotspot\share\interpreter\linkResolver.cpp, line 773]
Event: 5.895 Thread 0x0000023fd7468dc0 Implicit null exception at 0x0000023fe8e4c82f to 0x0000023fe8e4db84
Event: 5.895 Thread 0x0000023fd7468dc0 Implicit null exception at 0x0000023fe8dd4018 to 0x0000023fe8dd41f4
Event: 5.895 Thread 0x0000023fd7468dc0 Implicit null exception at 0x0000023fe8e1cb0d to 0x0000023fe8e1d374
Event: 5.898 Thread 0x0000023fd7468dc0 Exception <a 'java/lang/NoSuchMethodError'{0x0000000089e25e90}: 'void java.lang.invoke.DirectMethodHandle$Holder.invokeStatic(java.lang.Object, java.lang.Object, java.lang.Object, java.lang.Object)'> (0x0000000089e25e90) 
thrown [s\open\src\hotspot\share\interpreter\linkResolver.cpp, line 773]
Event: 5.910 Thread 0x0000023fd7468dc0 Exception <a 'java/lang/NoSuchMethodError'{0x0000000089e97530}: 'int java.lang.invoke.DirectMethodHandle$Holder.invokeSpecialIFC(java.lang.Object, java.lang.Object, java.lang.Object, java.lang.Object)'> (0x0000000089e97530) 
thrown [s\open\src\hotspot\share\interpreter\linkResolver.cpp, line 773]
Event: 6.891 Thread 0x0000023fd7468dc0 Implicit null exception at 0x0000023fe8db6d3d to 0x0000023fe8db6dc1
Event: 7.989 Thread 0x0000023fd7468dc0 Exception <a 'java/lang/NoSuchMethodError'{0x000000008b8f9f08}: 'java.lang.Object java.lang.invoke.DirectMethodHandle$Holder.newInvokeSpecial(java.lang.Object, java.lang.Object, java.lang.Object, java.lang.Object, java.lang.Object, java.lang.Object, java.lang.Object)'> (0x000000008b8f9f08) 
thrown [s\open\src\hotspot\share\interpreter\linkResolver.cpp, line 773]
Event: 8.234 Thread 0x0000023fd7468dc0 Implicit null exception at 0x0000023fe8ef05f7 to 0x0000023fe8ef0dbc
Event: 8.249 Thread 0x0000023fd7468dc0 Exception <a 'java/lang/NoSuchMethodError'{0x000000008aeed268}: 'int java.lang.invoke.DirectMethodHandle$Holder.invokeVirtual(java.lang.Object, java.lang.Object)'> (0x000000008aeed268) 
thrown [s\open\src\hotspot\share\interpreter\linkResolver.cpp, line 773]
Event: 8.292 Thread 0x0000023fd7468dc0 Exception <a 'java/lang/NoSuchMethodError'{0x000000008ac15f38}: 'void java.lang.invoke.Invokers$Holder.invokeExact_MT(java.lang.Object, java.lang.Object, int, java.lang.Object)'> (0x000000008ac15f38) 
thrown [s\open\src\hotspot\share\interpreter\linkResolver.cpp, line 773]

ZGC Phase Switch (0 events):
No events

VM Operations (20 events):
Event: 3.682 Executing VM operation: HandshakeAllThreads (Deoptimize) done
Event: 3.941 Executing VM operation: ICBufferFull
Event: 3.941 Executing VM operation: ICBufferFull done
Event: 4.474 Executing VM operation: ICBufferFull
Event: 4.474 Executing VM operation: ICBufferFull done
Event: 5.486 Executing VM operation: Cleanup
Event: 5.655 Executing VM operation: Cleanup done
Event: 5.972 Executing VM operation: ICBufferFull
Event: 5.972 Executing VM operation: ICBufferFull done
Event: 6.333 Executing VM operation: ICBufferFull
Event: 6.333 Executing VM operation: ICBufferFull done
Event: 6.335 Executing VM operation: G1CollectForAllocation (G1 Evacuation Pause)
Event: 6.361 Executing VM operation: G1CollectForAllocation (G1 Evacuation Pause) done
Event: 6.909 Executing VM operation: ICBufferFull
Event: 6.909 Executing VM operation: ICBufferFull done
Event: 7.919 Executing VM operation: Cleanup
Event: 7.919 Executing VM operation: Cleanup done
Event: 8.234 Executing VM operation: ICBufferFull
Event: 8.234 Executing VM operation: ICBufferFull done
Event: 9.236 Executing VM operation: Cleanup

Events (15 events):
Event: 0.036 Thread 0x0000023fd7468dc0 Thread added: 0x0000023fd7468dc0
Event: 0.057 Thread 0x0000023ff610aff0 Thread added: 0x0000023ff610aff0
Event: 0.057 Thread 0x0000023ff610e780 Thread added: 0x0000023ff610e780
Event: 0.058 Thread 0x0000023ff6111ff0 Thread added: 0x0000023ff6111ff0
Event: 0.058 Thread 0x0000023ff61133a0 Thread added: 0x0000023ff61133a0
Event: 0.058 Thread 0x0000023ff6114de0 Thread added: 0x0000023ff6114de0
Event: 0.058 Thread 0x0000023ff6115470 Thread added: 0x0000023ff6115470
Event: 0.059 Thread 0x0000023ff611ac60 Thread added: 0x0000023ff611ac60
Event: 0.059 Thread 0x0000023ff6127a60 Thread added: 0x0000023ff6127a60
Event: 0.083 Thread 0x0000023ff6113a30 Thread added: 0x0000023ff6113a30
Event: 0.086 Thread 0x0000023ff6112d10 Thread added: 0x0000023ff6112d10
Event: 0.372 Thread 0x0000023ff6114750 Thread added: 0x0000023ff6114750
Event: 0.604 Thread 0x0000023ff6114750 Thread exited: 0x0000023ff6114750
Event: 3.607 Thread 0x0000023ff61140c0 Thread added: 0x0000023ff61140c0
Event: 4.577 Thread 0x0000023ffb34e3b0 Thread added: 0x0000023ffb34e3b0


Dynamic libraries:
0x00007ff6d4e20000 - 0x00007ff6d4e30000 	D:\jdk-21.0.9\bin\java.exe
0x00007fff306c0000 - 0x00007fff30927000 	C:\WINDOWS\SYSTEM32\ntdll.dll
0x00007fff2f9d0000 - 0x00007fff2fa99000 	C:\WINDOWS\System32\KERNEL32.DLL
0x00007fff2dee0000 - 0x00007fff2e2cf000 	C:\WINDOWS\System32\KERNELBASE.dll
0x00007fff2d980000 - 0x00007fff2dacb000 	C:\WINDOWS\System32\ucrtbase.dll
0x00007ffed7630000 - 0x00007ffed764b000 	D:\jdk-21.0.9\bin\VCRUNTIME140.dll
0x00007ffed7650000 - 0x00007ffed7669000 	D:\jdk-21.0.9\bin\jli.dll
0x00007fff2f280000 - 0x00007fff2f334000 	C:\WINDOWS\System32\ADVAPI32.dll
0x00007fff2f5e0000 - 0x00007fff2f689000 	C:\WINDOWS\System32\msvcrt.dll
0x00007fff2f860000 - 0x00007fff2f906000 	C:\WINDOWS\System32\sechost.dll
0x00007fff304f0000 - 0x00007fff30608000 	C:\WINDOWS\System32\RPCRT4.dll
0x00007fff2f690000 - 0x00007fff2f855000 	C:\WINDOWS\System32\USER32.dll
0x00007fff2db80000 - 0x00007fff2dba7000 	C:\WINDOWS\System32\win32u.dll
0x00007fff2f250000 - 0x00007fff2f27b000 	C:\WINDOWS\System32\GDI32.dll
0x00007fff0a290000 - 0x00007fff0a523000 	C:\WINDOWS\WinSxS\amd64_microsoft.windows.common-controls_6595b64144ccf1df_6.0.26100.7309_none_3e05feeae336a044\COMCTL32.dll
0x00007fff2dd20000 - 0x00007fff2de4c000 	C:\WINDOWS\System32\gdi32full.dll
0x00007fff2dad0000 - 0x00007fff2db73000 	C:\WINDOWS\System32\msvcp_win.dll
0x00007fff22a60000 - 0x00007fff22a6b000 	C:\WINDOWS\SYSTEM32\VERSION.dll
0x00007fff2f910000 - 0x00007fff2f941000 	C:\WINDOWS\System32\IMM32.DLL
0x00007ffef1480000 - 0x00007ffef148c000 	D:\jdk-21.0.9\bin\vcruntime140_1.dll
0x00007ffed75a0000 - 0x00007ffed762e000 	D:\jdk-21.0.9\bin\msvcp140.dll
0x00007ffec3780000 - 0x00007ffec449d000 	D:\jdk-21.0.9\bin\server\jvm.dll
0x00007fff2f340000 - 0x00007fff2f3b4000 	C:\WINDOWS\System32\WS2_32.dll
0x00007fff2cff0000 - 0x00007fff2d04e000 	C:\WINDOWS\SYSTEM32\POWRPROF.dll
0x00007fff1de70000 - 0x00007fff1dea5000 	C:\WINDOWS\SYSTEM32\WINMM.dll
0x00007fff2cfd0000 - 0x00007fff2cfe4000 	C:\WINDOWS\SYSTEM32\UMPDC.dll
0x00007fff2c5c0000 - 0x00007fff2c5db000 	C:\WINDOWS\SYSTEM32\kernel.appcore.dll
0x00007ffeef280000 - 0x00007ffeef28a000 	D:\jdk-21.0.9\bin\jimage.dll
0x00007fff2af20000 - 0x00007fff2b162000 	C:\WINDOWS\SYSTEM32\DBGHELP.DLL
0x00007fff2fb20000 - 0x00007fff2fea5000 	C:\WINDOWS\System32\combase.dll
0x00007fff2f170000 - 0x00007fff2f246000 	C:\WINDOWS\System32\OLEAUT32.dll
0x00007fff094a0000 - 0x00007fff094dc000 	C:\WINDOWS\SYSTEM32\dbgcore.DLL
0x00007fff2dc70000 - 0x00007fff2dd15000 	C:\WINDOWS\System32\bcryptPrimitives.dll
0x00007ffed7580000 - 0x00007ffed759f000 	D:\jdk-21.0.9\bin\java.dll
0x00007fff2e4b0000 - 0x00007fff2ec03000 	C:\WINDOWS\System32\SHELL32.dll
0x00007fff2d810000 - 0x00007fff2d97a000 	C:\WINDOWS\System32\wintypes.dll
0x00007fff2b3f0000 - 0x00007fff2bc4e000 	C:\WINDOWS\SYSTEM32\windows.storage.dll
0x00007fff2f010000 - 0x00007fff2f105000 	C:\WINDOWS\System32\SHCORE.dll
0x00007fff30610000 - 0x00007fff30676000 	C:\WINDOWS\System32\shlwapi.dll
0x00007fff2d730000 - 0x00007fff2d759000 	C:\WINDOWS\SYSTEM32\profapi.dll
0x00007ffed74a0000 - 0x00007ffed7577000 	D:\jdk-21.0.9\bin\jsvml.dll
0x00007ffeeedf0000 - 0x00007ffeeee00000 	D:\jdk-21.0.9\bin\net.dll
0x00007fff23d60000 - 0x00007fff23e88000 	C:\WINDOWS\SYSTEM32\WINHTTP.dll
0x00007fff2cb30000 - 0x00007fff2cb9b000 	C:\WINDOWS\system32\mswsock.dll
0x00007ffed7480000 - 0x00007ffed7496000 	D:\jdk-21.0.9\bin\nio.dll
0x00007ffed7460000 - 0x00007ffed7478000 	D:\jdk-21.0.9\bin\zip.dll
0x00007fff0b340000 - 0x00007fff0b364000 	C:\Users\tguha\.m2\wrapper\dists\apache-maven-3.9.12\59fe215c0ad6947fea90184bf7add084544567b927287592651fda3782e0e798\lib\jansi-native\Windows\x86_64\jansi.dll
0x00007ffee8c20000 - 0x00007ffee8c30000 	D:\jdk-21.0.9\bin\verify.dll

dbghelp: loaded successfully - version: 4.0.5 - missing functions: none
symbol engine: initialized successfully - sym options: 0x614 - pdb path: .;D:\jdk-21.0.9\bin;C:\WINDOWS\SYSTEM32;C:\WINDOWS\WinSxS\amd64_microsoft.windows.common-controls_6595b64144ccf1df_6.0.26100.7309_none_3e05feeae336a044;D:\jdk-21.0.9\bin\server;C:\Users\tguha\.m2\wrapper\dists\apache-maven-3.9.12\59fe215c0ad6947fea90184bf7add084544567b927287592651fda3782e0e798\lib\jansi-native\Windows\x86_64

VM Arguments:
jvm_args: --enable-native-access=ALL-UNNAMED -Dclassworlds.conf=C:\Users\tguha\.m2\wrapper\dists\apache-maven-3.9.12\59fe215c0ad6947fea90184bf7add084544567b927287592651fda3782e0e798\bin\m2.conf -Dmaven.home=C:\Users\tguha\.m2\wrapper\dists\apache-maven-3.9.12\59fe215c0ad6947fea90184bf7add084544567b927287592651fda3782e0e798 -Dlibrary.jansi.path=C:\Users\tguha\.m2\wrapper\dists\apache-maven-3.9.12\59fe215c0ad6947fea90184bf7add084544567b927287592651fda3782e0e798\lib\jansi-native -Dmaven.multiModuleProjectDirectory=E:\Fullstack\Parking-main\backend 
java_command: org.codehaus.plexus.classworlds.launcher.Launcher spring-boot:run
java_class_path (initial): C:\Users\tguha\.m2\wrapper\dists\apache-maven-3.9.12\59fe215c0ad6947fea90184bf7add084544567b927287592651fda3782e0e798\boot\plexus-classworlds-2.9.0.jar
Launcher Type: SUN_STANDARD

[Global flags]
     intx CICompilerCount                          = 4                                         {product} {ergonomic}
     uint ConcGCThreads                            = 3                                         {product} {ergonomic}
     uint G1ConcRefinementThreads                  = 10                                        {product} {ergonomic}
   size_t G1HeapRegionSize                         = 1048576                                   {product} {ergonomic}
    uintx GCDrainStackTargetSize                   = 64                                        {product} {ergonomic}
   size_t InitialHeapSize                          = 130023424                                 {product} {ergonomic}
   size_t MarkStackSize                            = 4194304                                   {product} {ergonomic}
   size_t MaxHeapSize                              = 2055208960                                {product} {ergonomic}
   size_t MaxNewSize                               = 1233125376                                {product} {ergonomic}
   size_t MinHeapDeltaBytes                        = 1048576                                   {product} {ergonomic}
   size_t MinHeapSize                              = 8388608                                   {product} {ergonomic}
    uintx NonNMethodCodeHeapSize                   = 5839372                                {pd product} {ergonomic}
    uintx NonProfiledCodeHeapSize                  = 122909434                              {pd product} {ergonomic}
    uintx ProfiledCodeHeapSize                     = 122909434                              {pd product} {ergonomic}
    uintx ReservedCodeCacheSize                    = 251658240                              {pd product} {ergonomic}
     bool SegmentedCodeCache                       = true                                      {product} {ergonomic}
   size_t SoftMaxHeapSize                          = 2055208960                             {manageable} {ergonomic}
     bool UseCompressedOops                        = true                           {product lp64_product} {ergonomic}
     bool UseG1GC                                  = true                                      {product} {ergonomic}
     bool UseLargePagesIndividualAllocation        = false                                  {pd product} {ergonomic}

Logging:
Log output configuration:
 #0: stdout all=warning uptime,level,tags foldmultilines=false
 #1: stderr all=off uptime,level,tags foldmultilines=false

Environment Variables:
JAVA_HOME=D:\jdk-21.0.9
PATH=C:\windows\system32;C:\windows;C:\windows\System32\Wbem;C:\windows\System32\WindowsPowerShell\v1.0\;C:\windows\System32\OpenSSH\;C:\Program Files (x86)\NVIDIA Corporation\PhysX\Common;C:\Program Files\NVIDIA Corporation\NVIDIA NvDLISR;C:\Users\Administrator\AppData\Local\Microsoft\WindowsApps;C:\Program Files\HP\OMEN-Broadcast\Common;C:\WINDOWS\system32;C:\WINDOWS;C:\WINDOWS\System32\Wbem;C:\WINDOWS\System32\WindowsPowerShell\v1.0\;C:\WINDOWS\System32\OpenSSH\;C:\Program Files\HP\HP One Agent;E:\paper\Git\Git\cmd;D:\jdk-21.0.9\bin;C:\Program Files\MySQL\MySQL Server 8.0\bin;D:\cursor\cursor\resources\app\bin;C:\Program Files\Apache\Maven\apache-maven-3.9.12\bin;;C:\Program Files\PuTTY\;D:\nodejs\;C:\Program Files\MySQL\MySQL Shell 8.0\bin\;C:\Users\tguha\AppData\Local\Microsoft\WindowsApps;D:\Windsurf\bin;D:\vscode\Microsoft VS Code\bin;C:\Users\tguha\AppData\Roaming\npm;D:\Antigravity\Antigravity\bin;c:\Users\tguha\.windsurf\extensions\vscjava.vscode-java-debug-0.58.5-universal\bundled\scripts\noConfigScripts
USERNAME=tguha
LANG=en_US.UTF-8
OS=Windows_NT
PROCESSOR_IDENTIFIER=Intel64 Family 6 Model 154 Stepping 3, GenuineIntel
TMP=C:\Users\tguha\AppData\Local\Temp
TEMP=C:\Users\tguha\AppData\Local\Temp




Periodic native trim disabled

---------------  S Y S T E M  ---------------

OS:
 Windows 11 , 64 bit Build 26100 (10.0.26100.7309)
OS uptime: 1 days 3:59 hours
Hyper-V role detected

CPU: total 12 (initial active 12) (6 cores per cpu, 2 threads per core) family 6 model 154 stepping 3 microcode 0x434, cx8, cmov, fxsr, ht, mmx, 3dnowpref, sse, sse2, sse3, ssse3, sse4.1, sse4.2, popcnt, lzcnt, tsc, tscinvbit, avx, avx2, aes, erms, clmul, bmi1, bmi2, adx, sha, fma, vzeroupper, clflush, clflushopt, clwb, hv, serialize, rdtscp, rdpid, fsrm, f16c, cet_ibt, cet_ss
Processor Information for processor 0
  Max Mhz: 2000, Current Mhz: 2000, Mhz Limit: 2000
Processor Information for processor 1
  Max Mhz: 2000, Current Mhz: 2000, Mhz Limit: 2000
Processor Information for processor 2
  Max Mhz: 2000, Current Mhz: 2000, Mhz Limit: 2000
Processor Information for processor 3
  Max Mhz: 2000, Current Mhz: 2000, Mhz Limit: 2000
Processor Information for processor 4
  Max Mhz: 2000, Current Mhz: 2000, Mhz Limit: 2000
Processor Information for processor 5
  Max Mhz: 2000, Current Mhz: 2000, Mhz Limit: 2000
Processor Information for processor 6
  Max Mhz: 2000, Current Mhz: 2000, Mhz Limit: 2000
Processor Information for processor 7
  Max Mhz: 2000, Current Mhz: 2000, Mhz Limit: 2000
Processor Information for processor 8
  Max Mhz: 2000, Current Mhz: 1466, Mhz Limit: 2000
Processor Information for processor 9
  Max Mhz: 2000, Current Mhz: 1466, Mhz Limit: 2000
Processor Information for processor 10
  Max Mhz: 2000, Current Mhz: 1466, Mhz Limit: 2000
Processor Information for processor 11
  Max Mhz: 2000, Current Mhz: 1466, Mhz Limit: 2000

Memory: 4k page, system-wide physical 7832M (434M free)
TotalPageFile size 31259M (AvailPageFile size 5M)
current process WorkingSet (physical memory assigned to process): 217M, peak: 217M
current process commit charge ("private bytes"): 267M, peak: 269M

vm_info: Java HotSpot(TM) 64-Bit Server VM (21.0.9+7-LTS-338) for windows-amd64 JRE (21.0.9+7-LTS-338), built on 2025-09-26T06:33:49Z by "mach5run" with MS VC++ 17.6 (VS2022)

END.
